0 info it worked if it ends with ok
1 verbose cli [ '/usr/local/bin/node',
1 verbose cli   '/usr/local/bin/npm',
1 verbose cli   'run',
1 verbose cli   'build:css:unminified' ]
2 info using npm@3.9.3
3 info using node@v6.2.1
4 verbose run-script [ 'prebuild:css:unminified',
4 verbose run-script   'build:css:unminified',
4 verbose run-script   'postbuild:css:unminified' ]
5 info lifecycle infographer@1.0.0~prebuild:css:unminified: infographer@1.0.0
6 silly lifecycle infographer@1.0.0~prebuild:css:unminified: no script for prebuild:css:unminified, continuing
7 info lifecycle infographer@1.0.0~build:css:unminified: infographer@1.0.0
8 verbose lifecycle infographer@1.0.0~build:css:unminified: unsafe-perm in lifecycle true
9 verbose lifecycle infographer@1.0.0~build:css:unminified: PATH: /usr/local/lib/node_modules/npm/bin/node-gyp-bin:/Users/administrator/Projets/infographer/node_modules/.bin:/usr/local/bin:/usr/local/lib/node_modules/npm/bin/node-gyp-bin:/Users/administrator/Projets/infographer/node_modules/.bin:/usr/local/bin:/usr/local/lib/node_modules/npm/bin/node-gyp-bin:/Users/administrator/Projets/infographer/node_modules/.bin:/usr/local/bin:/usr/local/lib/node_modules/npm/bin/node-gyp-bin:/Users/administrator/Projets/infographer/node_modules/.bin:/usr/local/bin:/usr/bin:/bin:/usr/sbin:/sbin:/usr/local/bin
10 verbose lifecycle infographer@1.0.0~build:css:unminified: CWD: /Users/administrator/Projets/infographer
11 silly lifecycle infographer@1.0.0~build:css:unminified: Args: [ '-c',
11 silly lifecycle   'npm run clean:css:unminified && lessc --source-map css/index.less build/$npm_package_name.$npm_package_version.css' ]
12 info lifecycle infographer@1.0.0~build:css:unminified: Failed to exec build:css:unminified script
13 verbose stack Error: infographer@1.0.0 build:css:unminified: `npm run clean:css:unminified && lessc --source-map css/index.less build/$npm_package_name.$npm_package_version.css`
13 verbose stack spawn ENOENT
13 verbose stack     at ChildProcess.<anonymous> (/usr/local/lib/node_modules/npm/lib/utils/spawn.js:17:16)
13 verbose stack     at emitTwo (events.js:106:13)
13 verbose stack     at ChildProcess.emit (events.js:191:7)
13 verbose stack     at maybeClose (internal/child_process.js:852:16)
13 verbose stack     at Process.ChildProcess._handle.onexit (internal/child_process.js:215:5)
14 verbose pkgid infographer@1.0.0
15 verbose cwd /Users/administrator/Projets/infographer
16 error Darwin 15.5.0
17 error argv "/usr/local/bin/node" "/usr/local/bin/npm" "run" "build:css:unminified"
18 error node v6.2.1
19 error npm  v3.9.3
20 error file sh
21 error code ELIFECYCLE
22 error errno ENOENT
23 error syscall spawn
24 error infographer@1.0.0 build:css:unminified: `npm run clean:css:unminified && lessc --source-map css/index.less build/$npm_package_name.$npm_package_version.css`
24 error spawn ENOENT
25 error Failed at the infographer@1.0.0 build:css:unminified script 'npm run clean:css:unminified && lessc --source-map css/index.less build/$npm_package_name.$npm_package_version.css'.
25 error Make sure you have the latest version of node.js and npm installed.
25 error If you do, this is most likely a problem with the infographer package,
25 error not with npm itself.
25 error Tell the author that this fails on your system:
25 error     npm run clean:css:unminified && lessc --source-map css/index.less build/$npm_package_name.$npm_package_version.css
25 error You can get information on how to open an issue for this project with:
25 error     npm bugs infographer
25 error Or if that isn't available, you can get their info via:
25 error     npm owner ls infographer
25 error There is likely additional logging output above.
26 verbose exit [ 1, true ]
